[INFO] Executing: /Library/Java/JavaVirtualMachines/graalvm-ce-java11-21.0.0/Contents/Home/lib/svm/bin/native-image -cp /Users/shangfeng.liu/.m2/repository/org/springframework/boot/spring-boot-starter/2.4.3/spring-boot-starter-2.4.3.jar:/Users/shangfeng.liu/.m2/repository/org/springframework/boot/spring-boot/2.4.3/spring-boot-2.4.3.jar:/Users/shangfeng.liu/.m2/repository/org/springframework/spring-context/5.3.4/spring-context-5.3.4.jar:/Users/shangfeng.liu/.m2/repository/org/springframework/boot/spring-boot-autoconfigure/2.4.3/spring-boot-autoconfigure-2.4.3.jar:/Users/shangfeng.liu/.m2/repository/org/springframework/boot/spring-boot-starter-logging/2.4.3/spring-boot-starter-logging-2.4.3.jar:/Users/shangfeng.liu/.m2/repository/ch/qos/logback/logback-classic/1.2.3/logback-classic-1.2.3.jar:/Users/shangfeng.liu/.m2/repository/ch/qos/logback/logback-core/1.2.3/logback-core-1.2.3.jar:/Users/shangfeng.liu/.m2/repository/org/apache/logging/log4j/log4j-to-slf4j/2.13.3/log4j-to-slf4j-2.13.3.jar:/Users/shangfeng.liu/.m2/repository/org/apache/logging/log4j/log4j-api/2.13.3/log4j-api-2.13.3.jar:/Users/shangfeng.liu/.m2/repository/org/slf4j/jul-to-slf4j/1.7.30/jul-to-slf4j-1.7.30.jar:/Users/shangfeng.liu/.m2/repository/jakarta/annotation/jakarta.annotation-api/1.3.5/jakarta.annotation-api-1.3.5.jar:/Users/shangfeng.liu/.m2/repository/org/springframework/spring-core/5.3.4/spring-core-5.3.4.jar:/Users/shangfeng.liu/.m2/repository/org/springframework/spring-jcl/5.3.4/spring-jcl-5.3.4.jar:/Users/shangfeng.liu/.m2/repository/org/yaml/snakeyaml/1.27/snakeyaml-1.27.jar:/Users/shangfeng.liu/.m2/repository/org/springframework/boot/spring-boot-starter-web/2.4.3/spring-boot-starter-web-2.4.3.jar:/Users/shangfeng.liu/.m2/repository/org/springframework/boot/spring-boot-starter-json/2.4.3/spring-boot-starter-json-2.4.3.jar:/Users/shangfeng.liu/.m2/repository/com/fasterxml/jackson/core/jackson-databind/2.11.4/jackson-databind-2.11.4.jar:/Users/shangfeng.liu/.m2/repository/com/fasterxml/jackson/core/jackson-annotations/2.11.4/jackson-annotations-2.11.4.jar:/Users/shangfeng.liu/.m2/repository/com/fasterxml/jackson/core/jackson-core/2.11.4/jackson-core-2.11.4.jar:/Users/shangfeng.liu/.m2/repository/com/fasterxml/jackson/datatype/jackson-datatype-jdk8/2.11.4/jackson-datatype-jdk8-2.11.4.jar:/Users/shangfeng.liu/.m2/repository/com/fasterxml/jackson/datatype/jackson-datatype-jsr310/2.11.4/jackson-datatype-jsr310-2.11.4.jar:/Users/shangfeng.liu/.m2/repository/com/fasterxml/jackson/module/jackson-module-parameter-names/2.11.4/jackson-module-parameter-names-2.11.4.jar:/Users/shangfeng.liu/.m2/repository/org/springframework/boot/spring-boot-starter-tomcat/2.4.3/spring-boot-starter-tomcat-2.4.3.jar:/Users/shangfeng.liu/.m2/repository/org/apache/tomcat/embed/tomcat-embed-core/9.0.43/tomcat-embed-core-9.0.43.jar:/Users/shangfeng.liu/.m2/repository/org/glassfish/jakarta.el/3.0.3/jakarta.el-3.0.3.jar:/Users/shangfeng.liu/.m2/repository/org/apache/tomcat/embed/tomcat-embed-websocket/9.0.43/tomcat-embed-websocket-9.0.43.jar:/Users/shangfeng.liu/.m2/repository/org/springframework/spring-web/5.3.4/spring-web-5.3.4.jar:/Users/shangfeng.liu/.m2/repository/org/springframework/spring-beans/5.3.4/spring-beans-5.3.4.jar:/Users/shangfeng.liu/.m2/repository/org/springframework/spring-webmvc/5.3.4/spring-webmvc-5.3.4.jar:/Users/shangfeng.liu/.m2/repository/org/springframework/spring-aop/5.3.4/spring-aop-5.3.4.jar:/Users/shangfeng.liu/.m2/repository/org/springframework/spring-expression/5.3.4/spring-expression-5.3.4.jar:/Users/shangfeng.liu/.m2/repository/org/jetbrains/kotlin/kotlin-reflect/1.4.31/kotlin-reflect-1.4.31.jar:/Users/shangfeng.liu/.m2/repository/org/jetbrains/kotlin/kotlin-stdlib/1.4.31/kotlin-stdlib-1.4.31.jar:/Users/shangfeng.liu/.m2/repository/org/jetbrains/kotlin/kotlin-stdlib-common/1.4.31/kotlin-stdlib-common-1.4.31.jar:/Users/shangfeng.liu/.m2/repository/org/jetbrains/annotations/13.0/annotations-13.0.jar:/Users/shangfeng.liu/.m2/repository/org/jetbrains/kotlin/kotlin-stdlib-jdk8/1.4.31/kotlin-stdlib-jdk8-1.4.31.jar:/Users/shangfeng.liu/.m2/repository/org/jetbrains/kotlin/kotlin-stdlib-jdk7/1.4.31/kotlin-stdlib-jdk7-1.4.31.jar:/Users/shangfeng.liu/.m2/repository/org/springframework/experimental/spring-native/0.9.1-SNAPSHOT/spring-native-0.9.1-SNAPSHOT.jar:/Users/shangfeng.liu/.m2/repository/org/slf4j/slf4j-api/1.7.30/slf4j-api-1.7.30.jar:/Users/shangfeng.liu/code/application/spring-kotlin/target/spring-kotlin-0.0.1-SNAPSHOT.jar -H:Class=me.codershangfeng.demo.springkotlin.SpringKotlinApplicationKt
[me.codershangfeng.demo.springkotlin.springkotlinapplicationkt:73021]    classlist:   2,043.68 ms,  1.18 GB
Warning: class initialization of class org.springframework.boot.validation.MessageInterpolatorFactory failed with exception java.lang.NoClassDefFoundError: javax/validation/ValidationException. This class will be initialized at run time because option --allow-incomplete-classpath is used for image building. Use the option --initialize-at-run-time=org.springframework.boot.validation.MessageInterpolatorFactory to explicitly request delayed initialization of this class.
[me.codershangfeng.demo.springkotlin.springkotlinapplicationkt:73021]        (cap):   7,470.09 ms,  1.18 GB
WARNING: Could not resolve io.undertow.Undertow for reflection configuration. Reason: java.lang.ClassNotFoundException: io.undertow.Undertow.
WARNING: Could not resolve io.undertow.websockets.WebSocketProtocolHandshakeHandler for reflection configuration. Reason: java.lang.ClassNotFoundException: io.undertow.websockets.WebSocketProtocolHandshakeHandler.
WARNING: Could not resolve org.eclipse.jetty.websocket.server.WebSocketServerFactory for reflection configuration. Reason: java.lang.ClassNotFoundException: org.eclipse.jetty.websocket.server.WebSocketServerFactory.
WARNING: Could not resolve org.xnio.SslClientAuthMode for reflection configuration. Reason: java.lang.ClassNotFoundException: org.xnio.SslClientAuthMode.
[me.codershangfeng.demo.springkotlin.springkotlinapplicationkt:73021]        setup:   9,030.34 ms,  1.18 GB
WARNING: Could not register reflection metadata for org.springframework.boot.autoconfigure.cache.EhCacheCacheConfiguration. Reason: java.lang.NoClassDefFoundError: net/sf/ehcache/CacheManager.
WARNING: Could not register reflection metadata for org.springframework.boot.autoconfigure.gson.GsonAutoConfiguration. Reason: java.lang.NoClassDefFoundError: com/google/gson/GsonBuilder.
WARNING: Could not register reflection metadata for org.springframework.boot.autoconfigure.cache.InfinispanCacheConfiguration. Reason: java.lang.NoClassDefFoundError: org/infinispan/manager/EmbeddedCacheManager.
WARNING: Could not register reflection metadata for org.springframework.boot.autoconfigure.jsonb.JsonbAutoConfiguration. Reason: java.lang.NoClassDefFoundError: javax/json/bind/Jsonb.
WARNING: Could not register reflection metadata for org.springframework.boot.autoconfigure.cache.JCacheCacheConfiguration. Reason: java.lang.NoClassDefFoundError: javax/cache/CacheManager.
WARNING: Could not register reflection metadata for org.springframework.aop.aspectj.autoproxy.AspectJAwareAdvisorAutoProxyCreator. Reason: java.lang.NoClassDefFoundError: org/aspectj/util/PartialOrder$PartialComparable.
WARNING: Could not register reflection metadata for org.springframework.boot.autoconfigure.validation.ValidationAutoConfiguration. Reason: java.lang.NoClassDefFoundError: javax/validation/ValidatorFactory.
WARNING: Could not register reflection metadata for org.springframework.boot.web.embedded.undertow.UndertowServletWebServerFactory. Reason: java.lang.NoClassDefFoundError: io/undertow/servlet/api/SessionPersistenceManager.
WARNING: Could not register reflection metadata for org.springframework.boot.autoconfigure.data.redis.RedisAutoConfiguration. Reason: java.lang.NoClassDefFoundError: org/springframework/data/redis/connection/RedisConnectionFactory.
WARNING: Could not register reflection metadata for org.springframework.boot.autoconfigure.cache.CouchbaseCacheConfiguration. Reason: java.lang.NoClassDefFoundError: org/springframework/data/couchbase/cache/CouchbaseCacheManager$CouchbaseCacheManagerBuilder.
WARNING: Could not register reflection metadata for org.springframework.boot.autoconfigure.cache.RedisCacheConfiguration. Reason: java.lang.NoClassDefFoundError: org/springframework/data/redis/serializer/RedisSerializer.
WARNING: Could not register reflection metadata for org.springframework.aop.aspectj.annotation.AnnotationAwareAspectJAutoProxyCreator. Reason: java.lang.NoClassDefFoundError: org/aspectj/util/PartialOrder$PartialComparable.
WARNING: Could not register reflection metadata for org.springframework.boot.autoconfigure.cache.HazelcastCacheConfiguration. Reason: java.lang.NoClassDefFoundError: com/hazelcast/core/HazelcastInstance.
WARNING: Could not register reflection metadata for org.springframework.web.multipart.commons.CommonsMultipartResolver. Reason: java.lang.NoClassDefFoundError: org/apache/commons/fileupload/FileItemFactory.
WARNING: Could not register reflection metadata for org.springframework.boot.autoconfigure.cache.CaffeineCacheConfiguration. Reason: java.lang.NoClassDefFoundError: org/springframework/cache/caffeine/CaffeineCacheManager.
WARNING: Could not register reflection metadata for org.springframework.boot.autoconfigure.cache.EhCacheCacheConfiguration. Reason: java.lang.NoClassDefFoundError: net/sf/ehcache/CacheManager.
WARNING: Could not register reflection metadata for org.springframework.boot.autoconfigure.gson.GsonAutoConfiguration. Reason: java.lang.NoClassDefFoundError: com/google/gson/GsonBuilder.
WARNING: Could not register reflection metadata for org.springframework.boot.autoconfigure.cache.InfinispanCacheConfiguration. Reason: java.lang.NoClassDefFoundError: org/infinispan/manager/EmbeddedCacheManager.
WARNING: Could not register reflection metadata for org.springframework.boot.autoconfigure.jsonb.JsonbAutoConfiguration. Reason: java.lang.NoClassDefFoundError: javax/json/bind/Jsonb.
WARNING: Could not register reflection metadata for org.springframework.boot.autoconfigure.cache.JCacheCacheConfiguration. Reason: java.lang.NoClassDefFoundError: javax/cache/CacheManager.
WARNING: Could not register reflection metadata for org.springframework.aop.aspectj.autoproxy.AspectJAwareAdvisorAutoProxyCreator. Reason: java.lang.NoClassDefFoundError: org/aspectj/util/PartialOrder$PartialComparable.
WARNING: Could not register reflection metadata for org.springframework.boot.autoconfigure.validation.ValidationAutoConfiguration. Reason: java.lang.NoClassDefFoundError: javax/validation/ValidatorFactory.
WARNING: Could not register reflection metadata for org.springframework.boot.web.embedded.undertow.UndertowServletWebServerFactory. Reason: java.lang.NoClassDefFoundError: io/undertow/servlet/api/SessionPersistenceManager.
WARNING: Could not register reflection metadata for org.springframework.boot.autoconfigure.data.redis.RedisAutoConfiguration. Reason: java.lang.NoClassDefFoundError: org/springframework/data/redis/connection/RedisConnectionFactory.
WARNING: Could not register reflection metadata for org.springframework.boot.autoconfigure.cache.CouchbaseCacheConfiguration. Reason: java.lang.NoClassDefFoundError: org/springframework/data/couchbase/cache/CouchbaseCacheManager$CouchbaseCacheManagerBuilder.
WARNING: Could not register reflection metadata for org.springframework.boot.autoconfigure.cache.RedisCacheConfiguration. Reason: java.lang.NoClassDefFoundError: org/springframework/data/redis/serializer/RedisSerializer.
WARNING: Could not register reflection metadata for org.springframework.aop.aspectj.annotation.AnnotationAwareAspectJAutoProxyCreator. Reason: java.lang.NoClassDefFoundError: org/aspectj/util/PartialOrder$PartialComparable.
WARNING: Could not register reflection metadata for org.springframework.boot.autoconfigure.cache.HazelcastCacheConfiguration. Reason: java.lang.NoClassDefFoundError: com/hazelcast/core/HazelcastInstance.
WARNING: Could not register reflection metadata for org.springframework.web.multipart.commons.CommonsMultipartResolver. Reason: java.lang.NoClassDefFoundError: org/apache/commons/fileupload/FileItemFactory.
WARNING: Could not register reflection metadata for org.springframework.boot.autoconfigure.cache.CaffeineCacheConfiguration. Reason: java.lang.NoClassDefFoundError: org/springframework/cache/caffeine/CaffeineCacheManager.
WARNING: Could not register reflection metadata for org.springframework.boot.autoconfigure.cache.EhCacheCacheConfiguration. Reason: java.lang.NoClassDefFoundError: net/sf/ehcache/CacheManager.
WARNING: Could not register reflection metadata for org.springframework.boot.autoconfigure.gson.GsonAutoConfiguration. Reason: java.lang.NoClassDefFoundError: com/google/gson/GsonBuilder.
WARNING: Could not register reflection metadata for org.springframework.boot.autoconfigure.cache.InfinispanCacheConfiguration. Reason: java.lang.NoClassDefFoundError: org/infinispan/manager/EmbeddedCacheManager.
WARNING: Could not register reflection metadata for org.springframework.boot.autoconfigure.jsonb.JsonbAutoConfiguration. Reason: java.lang.NoClassDefFoundError: javax/json/bind/Jsonb.
WARNING: Could not register reflection metadata for org.springframework.boot.autoconfigure.cache.JCacheCacheConfiguration. Reason: java.lang.NoClassDefFoundError: javax/cache/CacheManager.
WARNING: Could not register reflection metadata for org.springframework.aop.aspectj.autoproxy.AspectJAwareAdvisorAutoProxyCreator. Reason: java.lang.NoClassDefFoundError: org/aspectj/util/PartialOrder$PartialComparable.
WARNING: Could not register reflection metadata for org.springframework.boot.autoconfigure.validation.ValidationAutoConfiguration. Reason: java.lang.NoClassDefFoundError: javax/validation/ValidatorFactory.
WARNING: Could not register reflection metadata for org.springframework.boot.web.embedded.undertow.UndertowServletWebServerFactory. Reason: java.lang.NoClassDefFoundError: io/undertow/servlet/api/SessionPersistenceManager.
WARNING: Could not register reflection metadata for org.springframework.boot.autoconfigure.data.redis.RedisAutoConfiguration. Reason: java.lang.NoClassDefFoundError: org/springframework/data/redis/connection/RedisConnectionFactory.
WARNING: Could not register reflection metadata for org.springframework.boot.autoconfigure.cache.CouchbaseCacheConfiguration. Reason: java.lang.NoClassDefFoundError: org/springframework/data/couchbase/cache/CouchbaseCacheManager$CouchbaseCacheManagerBuilder.
WARNING: Could not register reflection metadata for org.springframework.boot.autoconfigure.cache.RedisCacheConfiguration. Reason: java.lang.NoClassDefFoundError: org/springframework/data/redis/serializer/RedisSerializer.
WARNING: Could not register reflection metadata for org.springframework.aop.aspectj.annotation.AnnotationAwareAspectJAutoProxyCreator. Reason: java.lang.NoClassDefFoundError: org/aspectj/util/PartialOrder$PartialComparable.
WARNING: Could not register reflection metadata for org.springframework.boot.autoconfigure.cache.HazelcastCacheConfiguration. Reason: java.lang.NoClassDefFoundError: com/hazelcast/core/HazelcastInstance.
WARNING: Could not register reflection metadata for org.springframework.web.multipart.commons.CommonsMultipartResolver. Reason: java.lang.NoClassDefFoundError: org/apache/commons/fileupload/FileItemFactory.
WARNING: Could not register reflection metadata for org.springframework.boot.autoconfigure.cache.CaffeineCacheConfiguration. Reason: java.lang.NoClassDefFoundError: org/springframework/cache/caffeine/CaffeineCacheManager.
WARNING: Could not register reflection metadata for org.springframework.boot.autoconfigure.cache.EhCacheCacheConfiguration. Reason: java.lang.NoClassDefFoundError: net/sf/ehcache/CacheManager.
WARNING: Could not register reflection metadata for org.springframework.boot.autoconfigure.gson.GsonAutoConfiguration. Reason: java.lang.NoClassDefFoundError: com/google/gson/GsonBuilder.
WARNING: Could not register reflection metadata for org.springframework.boot.autoconfigure.cache.InfinispanCacheConfiguration. Reason: java.lang.NoClassDefFoundError: org/infinispan/manager/EmbeddedCacheManager.
WARNING: Could not register reflection metadata for org.springframework.boot.autoconfigure.jsonb.JsonbAutoConfiguration. Reason: java.lang.NoClassDefFoundError: javax/json/bind/Jsonb.
WARNING: Could not register reflection metadata for org.springframework.boot.autoconfigure.cache.JCacheCacheConfiguration. Reason: java.lang.NoClassDefFoundError: javax/cache/CacheManager.
WARNING: Could not register reflection metadata for org.springframework.aop.aspectj.autoproxy.AspectJAwareAdvisorAutoProxyCreator. Reason: java.lang.NoClassDefFoundError: org/aspectj/util/PartialOrder$PartialComparable.
WARNING: Could not register reflection metadata for org.springframework.boot.autoconfigure.validation.ValidationAutoConfiguration. Reason: java.lang.NoClassDefFoundError: javax/validation/ValidatorFactory.
WARNING: Could not register reflection metadata for org.springframework.boot.web.embedded.undertow.UndertowServletWebServerFactory. Reason: java.lang.NoClassDefFoundError: io/undertow/servlet/api/SessionPersistenceManager.
WARNING: Could not register reflection metadata for org.springframework.boot.autoconfigure.data.redis.RedisAutoConfiguration. Reason: java.lang.NoClassDefFoundError: org/springframework/data/redis/connection/RedisConnectionFactory.
WARNING: Could not register reflection metadata for org.springframework.boot.autoconfigure.cache.CouchbaseCacheConfiguration. Reason: java.lang.NoClassDefFoundError: org/springframework/data/couchbase/cache/CouchbaseCacheManager$CouchbaseCacheManagerBuilder.
WARNING: Could not register reflection metadata for org.springframework.boot.autoconfigure.cache.RedisCacheConfiguration. Reason: java.lang.NoClassDefFoundError: org/springframework/data/redis/serializer/RedisSerializer.
WARNING: Could not register reflection metadata for org.springframework.aop.aspectj.annotation.AnnotationAwareAspectJAutoProxyCreator. Reason: java.lang.NoClassDefFoundError: org/aspectj/util/PartialOrder$PartialComparable.
WARNING: Could not register reflection metadata for org.springframework.boot.autoconfigure.cache.HazelcastCacheConfiguration. Reason: java.lang.NoClassDefFoundError: com/hazelcast/core/HazelcastInstance.
WARNING: Could not register reflection metadata for org.springframework.web.multipart.commons.CommonsMultipartResolver. Reason: java.lang.NoClassDefFoundError: org/apache/commons/fileupload/FileItemFactory.
WARNING: Could not register reflection metadata for org.springframework.boot.autoconfigure.cache.CaffeineCacheConfiguration. Reason: java.lang.NoClassDefFoundError: org/springframework/cache/caffeine/CaffeineCacheManager.
WARNING: Could not register reflection metadata for org.springframework.boot.autoconfigure.cache.EhCacheCacheConfiguration. Reason: java.lang.NoClassDefFoundError: net/sf/ehcache/CacheManager.
WARNING: Could not register reflection metadata for org.springframework.boot.autoconfigure.gson.GsonAutoConfiguration. Reason: java.lang.NoClassDefFoundError: com/google/gson/GsonBuilder.
WARNING: Could not register reflection metadata for org.springframework.boot.autoconfigure.cache.InfinispanCacheConfiguration. Reason: java.lang.NoClassDefFoundError: org/infinispan/manager/EmbeddedCacheManager.
WARNING: Could not register reflection metadata for org.springframework.boot.autoconfigure.jsonb.JsonbAutoConfiguration. Reason: java.lang.NoClassDefFoundError: javax/json/bind/Jsonb.
WARNING: Could not register reflection metadata for org.springframework.boot.autoconfigure.cache.JCacheCacheConfiguration. Reason: java.lang.NoClassDefFoundError: javax/cache/CacheManager.
WARNING: Could not register reflection metadata for org.springframework.aop.aspectj.autoproxy.AspectJAwareAdvisorAutoProxyCreator. Reason: java.lang.NoClassDefFoundError: org/aspectj/util/PartialOrder$PartialComparable.
WARNING: Could not register reflection metadata for org.springframework.boot.autoconfigure.validation.ValidationAutoConfiguration. Reason: java.lang.NoClassDefFoundError: javax/validation/ValidatorFactory.
WARNING: Could not register reflection metadata for org.springframework.boot.web.embedded.undertow.UndertowServletWebServerFactory. Reason: java.lang.NoClassDefFoundError: io/undertow/servlet/api/SessionPersistenceManager.
WARNING: Could not register reflection metadata for org.springframework.boot.autoconfigure.data.redis.RedisAutoConfiguration. Reason: java.lang.NoClassDefFoundError: org/springframework/data/redis/connection/RedisConnectionFactory.
WARNING: Could not register reflection metadata for org.springframework.boot.autoconfigure.cache.CouchbaseCacheConfiguration. Reason: java.lang.NoClassDefFoundError: org/springframework/data/couchbase/cache/CouchbaseCacheManager$CouchbaseCacheManagerBuilder.
WARNING: Could not register reflection metadata for org.springframework.boot.autoconfigure.cache.RedisCacheConfiguration. Reason: java.lang.NoClassDefFoundError: org/springframework/data/redis/serializer/RedisSerializer.
WARNING: Could not register reflection metadata for org.springframework.aop.aspectj.annotation.AnnotationAwareAspectJAutoProxyCreator. Reason: java.lang.NoClassDefFoundError: org/aspectj/util/PartialOrder$PartialComparable.
WARNING: Could not register reflection metadata for org.springframework.boot.autoconfigure.cache.HazelcastCacheConfiguration. Reason: java.lang.NoClassDefFoundError: com/hazelcast/core/HazelcastInstance.
WARNING: Could not register reflection metadata for org.springframework.web.multipart.commons.CommonsMultipartResolver. Reason: java.lang.NoClassDefFoundError: org/apache/commons/fileupload/FileItemFactory.
WARNING: Could not register reflection metadata for org.springframework.boot.autoconfigure.cache.CaffeineCacheConfiguration. Reason: java.lang.NoClassDefFoundError: org/springframework/cache/caffeine/CaffeineCacheManager.
[me.codershangfeng.demo.springkotlin.springkotlinapplicationkt:73021]     (clinit):   1,388.63 ms,  5.31 GB
[me.codershangfeng.demo.springkotlin.springkotlinapplicationkt:73021]   (typeflow):  27,770.12 ms,  5.31 GB
[me.codershangfeng.demo.springkotlin.springkotlinapplicationkt:73021]    (objects):  25,915.33 ms,  5.31 GB
[me.codershangfeng.demo.springkotlin.springkotlinapplicationkt:73021]   (features):   5,011.67 ms,  5.31 GB
[me.codershangfeng.demo.springkotlin.springkotlinapplicationkt:73021]     analysis:  62,913.07 ms,  5.31 GB
[me.codershangfeng.demo.springkotlin.springkotlinapplicationkt:73021]     universe:   2,320.91 ms,  5.31 GB
[me.codershangfeng.demo.springkotlin.springkotlinapplicationkt:73021]      (parse):   4,641.12 ms,  5.31 GB
[me.codershangfeng.demo.springkotlin.springkotlinapplicationkt:73021]     (inline):   8,673.35 ms,  5.82 GB
[me.codershangfeng.demo.springkotlin.springkotlinapplicationkt:73021]    (compile):  35,336.71 ms,  6.20 GB
[me.codershangfeng.demo.springkotlin.springkotlinapplicationkt:73021]      compile:  53,105.85 ms,  6.20 GB
[me.codershangfeng.demo.springkotlin.springkotlinapplicationkt:73021]        image:   8,127.59 ms,  6.21 GB
[me.codershangfeng.demo.springkotlin.springkotlinapplicationkt:73021]        write:   1,637.16 ms,  6.21 GB
[me.codershangfeng.demo.springkotlin.springkotlinapplicationkt:73021]      [total]: 139,914.97 ms,  6.21 GB